<?xml version="1.0" encoding="UTF-8"?>
<!-- Generated by org.testng.reporters.JUnitXMLReporter -->
<testsuite ignored="1" hostname="DELL" failures="2" tests="7" name="Test" time="58.038" errors="0" timestamp="2020-11-06T13:05:38 IST">
  <testcase classname="testFiles.TestHomePage" name="search" time="18.912"/>
  <testcase classname="testFiles.TestShopPage" name="Bags" time="32.404"/>
  <testcase classname="testFiles.TestHomePage" name="men" time="17.422"/>
  <testcase classname="testFiles.TestShopPage" name="cart" time="10.122">
    <failure type="junit.framework.ComparisonFailure" message="expected:&amp;lt;Let&amp;apos;s add on...&amp;gt; but was:&amp;lt;There is nothing in your bag. Let&amp;apos;s add som...&amp;gt;">
      <![CDATA[junit.framework.ComparisonFailure: expected:<Let's add on...> but was:<There is nothing in your bag. Let's add som...>
at junit.framework.Assert.assertEquals(Assert.java:81)
at junit.framework.Assert.assertEquals(Assert.java:87)
at testFiles.TestShopPage.cart(TestShopPage.java:111)
at java.base/java.util.concurrent.ThreadPoolExecutor.runWorker(ThreadPoolExecutor.java:1128)
at java.base/java.util.concurrent.ThreadPoolExecutor$Worker.run(ThreadPoolExecutor.java:628)
at java.base/java.lang.Thread.run(Thread.java:830)
... Removed 12 stack frames]]>
    </failure>
  </testcase> <!-- cart -->
  <testcase classname="testFiles.TestShopPage" name="cart" time="10.137">
    <failure type="java.lang.NullPointerException">
      <![CDATA[java.lang.NullPointerException
at resources.base.getScreenshotPath(base.java:44)
at testFiles.Listeners.onTestFailure(Listeners.java:33)
at java.base/java.util.concurrent.ThreadPoolExecutor.runWorker(ThreadPoolExecutor.java:1128)
at java.base/java.util.concurrent.ThreadPoolExecutor$Worker.run(ThreadPoolExecutor.java:628)
at java.base/java.lang.Thread.run(Thread.java:830)
... Removed 9 stack frames]]>
    </failure>
  </testcase> <!-- cart -->
  <testcase classname="testFiles.TestHomePage" name="women" time="6.578"/>
  <testcase classname="testFiles.TestHomePage" name="login" time="4.757"/>
  <testcase classname="testFiles.TestShopPage" name="menTshirt" time="0.0">
    <ignored/>
  </testcase> <!-- menTshirt -->
</testsuite> <!-- Test -->
